CRITICAL - 2024-11-24 21:57:11 --> Error: Class "App\Controllers\StudentModel" not found
[Method: GET, Route: dashboard]
in APPPATH/Controllers/Dashboard.php on line 12.
 1 SYSTEMPATH/CodeIgniter.php(933): App\Controllers\Dashboard->dash()
 2 SYSTEMPATH/CodeIgniter.php(509): CodeIgniter\CodeIgniter->runController()
 3 SYSTEMPATH/CodeIgniter.php(355): CodeIgniter\CodeIgniter->handleRequest()
 4 SYSTEMPATH/Boot.php(325): CodeIgniter\CodeIgniter->run()
 5 SYSTEMPATH/Boot.php(67): CodeIgniter\Boot::runCodeIgniter()
 6 FCPATH/index.php(58): CodeIgniter\Boot::bootWeb()
CRITICAL - 2024-11-24 22:03:50 --> Error: Class "App\Controllers\StudentModel" not found
[Method: GET, Route: dashboard]
in APPPATH/Controllers/Dashboard.php on line 12.
 1 SYSTEMPATH/CodeIgniter.php(933): App\Controllers\Dashboard->dash()
 2 SYSTEMPATH/CodeIgniter.php(509): CodeIgniter\CodeIgniter->runController()
 3 SYSTEMPATH/CodeIgniter.php(355): CodeIgniter\CodeIgniter->handleRequest()
 4 SYSTEMPATH/Boot.php(325): CodeIgniter\CodeIgniter->run()
 5 SYSTEMPATH/Boot.php(67): CodeIgniter\Boot::runCodeIgniter()
 6 FCPATH/index.php(58): CodeIgniter\Boot::bootWeb()
CRITICAL - 2024-11-24 22:03:54 --> Error: Class "App\Controllers\StudentModel" not found
[Method: GET, Route: dashboard]
in APPPATH/Controllers/Dashboard.php on line 12.
 1 SYSTEMPATH/CodeIgniter.php(933): App\Controllers\Dashboard->dash()
 2 SYSTEMPATH/CodeIgniter.php(509): CodeIgniter\CodeIgniter->runController()
 3 SYSTEMPATH/CodeIgniter.php(355): CodeIgniter\CodeIgniter->handleRequest()
 4 SYSTEMPATH/Boot.php(325): CodeIgniter\CodeIgniter->run()
 5 SYSTEMPATH/Boot.php(67): CodeIgniter\Boot::runCodeIgniter()
 6 FCPATH/index.php(58): CodeIgniter\Boot::bootWeb()
CRITICAL - 2024-11-24 22:04:11 --> Error: Class "App\Controllers\StudentModel" not found
[Method: GET, Route: dashboard]
in APPPATH/Controllers/Dashboard.php on line 12.
 1 SYSTEMPATH/CodeIgniter.php(933): App\Controllers\Dashboard->dash()
 2 SYSTEMPATH/CodeIgniter.php(509): CodeIgniter\CodeIgniter->runController()
 3 SYSTEMPATH/CodeIgniter.php(355): CodeIgniter\CodeIgniter->handleRequest()
 4 SYSTEMPATH/Boot.php(325): CodeIgniter\CodeIgniter->run()
 5 SYSTEMPATH/Boot.php(67): CodeIgniter\Boot::runCodeIgniter()
 6 FCPATH/index.php(58): CodeIgniter\Boot::bootWeb()
CRITICAL - 2024-11-24 22:04:20 --> Error: Class "App\Controllers\StudentModel" not found
[Method: GET, Route: dashboard]
in APPPATH/Controllers/Dashboard.php on line 12.
 1 SYSTEMPATH/CodeIgniter.php(933): App\Controllers\Dashboard->dash()
 2 SYSTEMPATH/CodeIgniter.php(509): CodeIgniter\CodeIgniter->runController()
 3 SYSTEMPATH/CodeIgniter.php(355): CodeIgniter\CodeIgniter->handleRequest()
 4 SYSTEMPATH/Boot.php(325): CodeIgniter\CodeIgniter->run()
 5 SYSTEMPATH/Boot.php(67): CodeIgniter\Boot::runCodeIgniter()
 6 FCPATH/index.php(58): CodeIgniter\Boot::bootWeb()
CRITICAL - 2024-11-24 22:06:34 --> Error: Class "App\Models\StudentModel" not found
[Method: GET, Route: dashboard]
in APPPATH/Controllers/Dashboard.php on line 12.
 1 SYSTEMPATH/CodeIgniter.php(933): App\Controllers\Dashboard->dash()
 2 SYSTEMPATH/CodeIgniter.php(509): CodeIgniter\CodeIgniter->runController()
 3 SYSTEMPATH/CodeIgniter.php(355): CodeIgniter\CodeIgniter->handleRequest()
 4 SYSTEMPATH/Boot.php(325): CodeIgniter\CodeIgniter->run()
 5 SYSTEMPATH/Boot.php(67): CodeIgniter\Boot::runCodeIgniter()
 6 FCPATH/index.php(58): CodeIgniter\Boot::bootWeb()
CRITICAL - 2024-11-24 22:06:37 --> Error: Class "App\Models\StudentModel" not found
[Method: GET, Route: dashboard]
in APPPATH/Controllers/Dashboard.php on line 12.
 1 SYSTEMPATH/CodeIgniter.php(933): App\Controllers\Dashboard->dash()
 2 SYSTEMPATH/CodeIgniter.php(509): CodeIgniter\CodeIgniter->runController()
 3 SYSTEMPATH/CodeIgniter.php(355): CodeIgniter\CodeIgniter->handleRequest()
 4 SYSTEMPATH/Boot.php(325): CodeIgniter\CodeIgniter->run()
 5 SYSTEMPATH/Boot.php(67): CodeIgniter\Boot::runCodeIgniter()
 6 FCPATH/index.php(58): CodeIgniter\Boot::bootWeb()
CRITICAL - 2024-11-24 22:09:49 --> Error: Class "BaseController" not found
[Method: GET, Route: dashboard]
in APPPATH/Controllers/Dashboard.php on line 8.
 1 SYSTEMPATH/Autoloader/Autoloader.php(317): include_once()
 2 SYSTEMPATH/Autoloader/Autoloader.php(296): CodeIgniter\Autoloader\Autoloader->includeFile()
 3 SYSTEMPATH/Autoloader/Autoloader.php(272): CodeIgniter\Autoloader\Autoloader->loadInNamespace()
 4 [internal function]: CodeIgniter\Autoloader\Autoloader->loadClass()
 5 SYSTEMPATH/CodeIgniter.php(887): class_exists()
 6 SYSTEMPATH/CodeIgniter.php(496): CodeIgniter\CodeIgniter->startController()
 7 SYSTEMPATH/CodeIgniter.php(355): CodeIgniter\CodeIgniter->handleRequest()
 8 SYSTEMPATH/Boot.php(325): CodeIgniter\CodeIgniter->run()
 9 SYSTEMPATH/Boot.php(67): CodeIgniter\Boot::runCodeIgniter()
10 FCPATH/index.php(58): CodeIgniter\Boot::bootWeb()
CRITICAL - 2024-11-24 22:10:03 --> Error: Class "App\Models\StudentModel" not found
[Method: GET, Route: dashboard]
in APPPATH/Controllers/Dashboard.php on line 12.
 1 SYSTEMPATH/CodeIgniter.php(933): App\Controllers\Dashboard->dash()
 2 SYSTEMPATH/CodeIgniter.php(509): CodeIgniter\CodeIgniter->runController()
 3 SYSTEMPATH/CodeIgniter.php(355): CodeIgniter\CodeIgniter->handleRequest()
 4 SYSTEMPATH/Boot.php(325): CodeIgniter\CodeIgniter->run()
 5 SYSTEMPATH/Boot.php(67): CodeIgniter\Boot::runCodeIgniter()
 6 FCPATH/index.php(58): CodeIgniter\Boot::bootWeb()
CRITICAL - 2024-11-24 22:10:19 --> Error: Class "BaseController" not found
[Method: GET, Route: dashboard]
in APPPATH/Controllers/Dashboard.php on line 8.
 1 SYSTEMPATH/Autoloader/Autoloader.php(317): include_once()
 2 SYSTEMPATH/Autoloader/Autoloader.php(296): CodeIgniter\Autoloader\Autoloader->includeFile()
 3 SYSTEMPATH/Autoloader/Autoloader.php(272): CodeIgniter\Autoloader\Autoloader->loadInNamespace()
 4 [internal function]: CodeIgniter\Autoloader\Autoloader->loadClass()
 5 SYSTEMPATH/CodeIgniter.php(887): class_exists()
 6 SYSTEMPATH/CodeIgniter.php(496): CodeIgniter\CodeIgniter->startController()
 7 SYSTEMPATH/CodeIgniter.php(355): CodeIgniter\CodeIgniter->handleRequest()
 8 SYSTEMPATH/Boot.php(325): CodeIgniter\CodeIgniter->run()
 9 SYSTEMPATH/Boot.php(67): CodeIgniter\Boot::runCodeIgniter()
10 FCPATH/index.php(58): CodeIgniter\Boot::bootWeb()
CRITICAL - 2024-11-24 22:12:39 --> CodeIgniter\View\Exceptions\ViewException: Invalid file: "dashboard.php"
[Method: GET, Route: dashboard]
in SYSTEMPATH/Exceptions/FrameworkException.php on line 41.
 1 SYSTEMPATH/View/View.php(222): CodeIgniter\Exceptions\FrameworkException::forInvalidFile()
 2 SYSTEMPATH/Common.php(1169): CodeIgniter\View\View->render()
 3 APPPATH/Controllers/Dashboard.php(18): view()
 4 SYSTEMPATH/CodeIgniter.php(933): App\Controllers\Dashboard->dash()
 5 SYSTEMPATH/CodeIgniter.php(509): CodeIgniter\CodeIgniter->runController()
 6 SYSTEMPATH/CodeIgniter.php(355): CodeIgniter\CodeIgniter->handleRequest()
 7 SYSTEMPATH/Boot.php(325): CodeIgniter\CodeIgniter->run()
 8 SYSTEMPATH/Boot.php(67): CodeIgniter\Boot::runCodeIgniter()
 9 FCPATH/index.php(58): CodeIgniter\Boot::bootWeb()
CRITICAL - 2024-11-24 22:13:33 --> CodeIgniter\View\Exceptions\ViewException: Invalid file: "dashboard.php"
[Method: GET, Route: dashboard]
in SYSTEMPATH/Exceptions/FrameworkException.php on line 41.
 1 SYSTEMPATH/View/View.php(222): CodeIgniter\Exceptions\FrameworkException::forInvalidFile()
 2 SYSTEMPATH/Common.php(1169): CodeIgniter\View\View->render()
 3 APPPATH/Controllers/Dashboard.php(18): view()
 4 SYSTEMPATH/CodeIgniter.php(933): App\Controllers\Dashboard->dash()
 5 SYSTEMPATH/CodeIgniter.php(509): CodeIgniter\CodeIgniter->runController()
 6 SYSTEMPATH/CodeIgniter.php(355): CodeIgniter\CodeIgniter->handleRequest()
 7 SYSTEMPATH/Boot.php(325): CodeIgniter\CodeIgniter->run()
 8 SYSTEMPATH/Boot.php(67): CodeIgniter\Boot::runCodeIgniter()
 9 FCPATH/index.php(58): CodeIgniter\Boot::bootWeb()
