ERROR - 2024-10-19 14:13:04 --> Error connecting to the database: mysqli_sql_exception: Access denied for user 'root'@'localhost' (using password: YES) in /var/www/html/demo2/system/Database/MySQLi/Connection.php:187
Stack trace:
#0 /var/www/html/demo2/system/Database/MySQLi/Connection.php(187): mysqli->real_connect()
#1 /var/www/html/demo2/system/Database/BaseConnection.php(421): CodeIgniter\Database\MySQLi\Connection->connect()
#2 /var/www/html/demo2/system/Database/BaseConnection.php(616): CodeIgniter\Database\BaseConnection->initialize()
#3 /var/www/html/demo2/system/Database/BaseConnection.php(1485): CodeIgniter\Database\BaseConnection->query()
#4 /var/www/html/demo2/system/Database/BaseConnection.php(1505): CodeIgniter\Database\BaseConnection->listTables()
#5 /var/www/html/demo2/system/Database/MigrationRunner.php(759): CodeIgniter\Database\BaseConnection->tableExists()
#6 /var/www/html/demo2/system/Database/MigrationRunner.php(163): CodeIgniter\Database\MigrationRunner->ensureTable()
#7 /var/www/html/demo2/system/Commands/Database/Migrate.php(85): CodeIgniter\Database\MigrationRunner->latest()
#8 /var/www/html/demo2/system/CLI/Commands.php(70): CodeIgniter\Commands\Database\Migrate->run()
#9 /var/www/html/demo2/system/CLI/Console.php(48): CodeIgniter\CLI\Commands->run()
#10 /var/www/html/demo2/system/Boot.php(351): CodeIgniter\CLI\Console->run()
#11 /var/www/html/demo2/system/Boot.php(104): CodeIgniter\Boot::runCommand()
#12 /var/www/html/demo2/spark(84): CodeIgniter\Boot::bootSpark()
#13 {main}

Next CodeIgniter\Database\Exceptions\DatabaseException: Access denied for user '****'@'localhost' (using password: YES) in /var/www/html/demo2/system/Database/MySQLi/Connection.php:231
Stack trace:
#0 /var/www/html/demo2/system/Database/BaseConnection.php(421): CodeIgniter\Database\MySQLi\Connection->connect()
#1 /var/www/html/demo2/system/Database/BaseConnection.php(616): CodeIgniter\Database\BaseConnection->initialize()
#2 /var/www/html/demo2/system/Database/BaseConnection.php(1485): CodeIgniter\Database\BaseConnection->query()
#3 /var/www/html/demo2/system/Database/BaseConnection.php(1505): CodeIgniter\Database\BaseConnection->listTables()
#4 /var/www/html/demo2/system/Database/MigrationRunner.php(759): CodeIgniter\Database\BaseConnection->tableExists()
#5 /var/www/html/demo2/system/Database/MigrationRunner.php(163): CodeIgniter\Database\MigrationRunner->ensureTable()
#6 /var/www/html/demo2/system/Commands/Database/Migrate.php(85): CodeIgniter\Database\MigrationRunner->latest()
#7 /var/www/html/demo2/system/CLI/Commands.php(70): CodeIgniter\Commands\Database\Migrate->run()
#8 /var/www/html/demo2/system/CLI/Console.php(48): CodeIgniter\CLI\Commands->run()
#9 /var/www/html/demo2/system/Boot.php(351): CodeIgniter\CLI\Console->run()
#10 /var/www/html/demo2/system/Boot.php(104): CodeIgniter\Boot::runCommand()
#11 /var/www/html/demo2/spark(84): CodeIgniter\Boot::bootSpark()
#12 {main}
ERROR - 2024-10-19 14:26:50 --> Error connecting to the database: mysqli_sql_exception: Access denied for user 'root'@'localhost' (using password: YES) in /var/www/html/demo2/system/Database/MySQLi/Connection.php:187
Stack trace:
#0 /var/www/html/demo2/system/Database/MySQLi/Connection.php(187): mysqli->real_connect()
#1 /var/www/html/demo2/system/Database/BaseConnection.php(421): CodeIgniter\Database\MySQLi\Connection->connect()
#2 /var/www/html/demo2/system/Database/BaseConnection.php(616): CodeIgniter\Database\BaseConnection->initialize()
#3 /var/www/html/demo2/system/Database/BaseConnection.php(1485): CodeIgniter\Database\BaseConnection->query()
#4 /var/www/html/demo2/system/Database/BaseConnection.php(1505): CodeIgniter\Database\BaseConnection->listTables()
#5 /var/www/html/demo2/system/Database/MigrationRunner.php(759): CodeIgniter\Database\BaseConnection->tableExists()
#6 /var/www/html/demo2/system/Database/MigrationRunner.php(163): CodeIgniter\Database\MigrationRunner->ensureTable()
#7 /var/www/html/demo2/system/Commands/Database/Migrate.php(85): CodeIgniter\Database\MigrationRunner->latest()
#8 /var/www/html/demo2/system/CLI/Commands.php(70): CodeIgniter\Commands\Database\Migrate->run()
#9 /var/www/html/demo2/system/CLI/Console.php(48): CodeIgniter\CLI\Commands->run()
#10 /var/www/html/demo2/system/Boot.php(351): CodeIgniter\CLI\Console->run()
#11 /var/www/html/demo2/system/Boot.php(104): CodeIgniter\Boot::runCommand()
#12 /var/www/html/demo2/spark(84): CodeIgniter\Boot::bootSpark()
#13 {main}

Next CodeIgniter\Database\Exceptions\DatabaseException: Access denied for user '****'@'localhost' (using password: YES) in /var/www/html/demo2/system/Database/MySQLi/Connection.php:231
Stack trace:
#0 /var/www/html/demo2/system/Database/BaseConnection.php(421): CodeIgniter\Database\MySQLi\Connection->connect()
#1 /var/www/html/demo2/system/Database/BaseConnection.php(616): CodeIgniter\Database\BaseConnection->initialize()
#2 /var/www/html/demo2/system/Database/BaseConnection.php(1485): CodeIgniter\Database\BaseConnection->query()
#3 /var/www/html/demo2/system/Database/BaseConnection.php(1505): CodeIgniter\Database\BaseConnection->listTables()
#4 /var/www/html/demo2/system/Database/MigrationRunner.php(759): CodeIgniter\Database\BaseConnection->tableExists()
#5 /var/www/html/demo2/system/Database/MigrationRunner.php(163): CodeIgniter\Database\MigrationRunner->ensureTable()
#6 /var/www/html/demo2/system/Commands/Database/Migrate.php(85): CodeIgniter\Database\MigrationRunner->latest()
#7 /var/www/html/demo2/system/CLI/Commands.php(70): CodeIgniter\Commands\Database\Migrate->run()
#8 /var/www/html/demo2/system/CLI/Console.php(48): CodeIgniter\CLI\Commands->run()
#9 /var/www/html/demo2/system/Boot.php(351): CodeIgniter\CLI\Console->run()
#10 /var/www/html/demo2/system/Boot.php(104): CodeIgniter\Boot::runCommand()
#11 /var/www/html/demo2/spark(84): CodeIgniter\Boot::bootSpark()
#12 {main}
