ERROR - 2025-02-14 10:10:22 --> Error connecting to the database: mysqli_sql_exception: No such file or directory in /var/www/html/ayitigniter3/system/Database/MySQLi/Connection.php:186
Stack trace:
#0 /var/www/html/ayitigniter3/system/Database/MySQLi/Connection.php(186): mysqli->real_connect('localhost', 'root', Object(SensitiveParameterValue), 'ayitiproject', 3306, '', 0)
#1 /var/www/html/ayitigniter3/system/Database/BaseConnection.php(421): CodeIgniter\Database\MySQLi\Connection->connect(false)
#2 /var/www/html/ayitigniter3/system/Database/BaseConnection.php(616): CodeIgniter\Database\BaseConnection->initialize()
#3 /var/www/html/ayitigniter3/system/Database/BaseConnection.php(1485): CodeIgniter\Database\BaseConnection->query('SHOW TABLES FRO...')
#4 /var/www/html/ayitigniter3/system/Database/BaseConnection.php(1505): CodeIgniter\Database\BaseConnection->listTables()
#5 /var/www/html/ayitigniter3/system/Database/MigrationRunner.php(759): CodeIgniter\Database\BaseConnection->tableExists('migrations')
#6 /var/www/html/ayitigniter3/system/Database/MigrationRunner.php(163): CodeIgniter\Database\MigrationRunner->ensureTable()
#7 /var/www/html/ayitigniter3/system/Commands/Database/Migrate.php(85): CodeIgniter\Database\MigrationRunner->latest(NULL)
#8 /var/www/html/ayitigniter3/system/CLI/Commands.php(70): CodeIgniter\Commands\Database\Migrate->run(Array)
#9 /var/www/html/ayitigniter3/system/CLI/Console.php(48): CodeIgniter\CLI\Commands->run('migrate', Array)
#10 /var/www/html/ayitigniter3/system/Boot.php(351): CodeIgniter\CLI\Console->run()
#11 /var/www/html/ayitigniter3/system/Boot.php(104): CodeIgniter\Boot::runCommand(Object(CodeIgniter\CLI\Console))
#12 /var/www/html/ayitigniter3/spark(84): CodeIgniter\Boot::bootSpark(Object(Config\Paths))
#13 {main}

Next CodeIgniter\Database\Exceptions\DatabaseException: No such file or directory in /var/www/html/ayitigniter3/system/Database/MySQLi/Connection.php:231
Stack trace:
#0 /var/www/html/ayitigniter3/system/Database/BaseConnection.php(421): CodeIgniter\Database\MySQLi\Connection->connect(false)
#1 /var/www/html/ayitigniter3/system/Database/BaseConnection.php(616): CodeIgniter\Database\BaseConnection->initialize()
#2 /var/www/html/ayitigniter3/system/Database/BaseConnection.php(1485): CodeIgniter\Database\BaseConnection->query('SHOW TABLES FRO...')
#3 /var/www/html/ayitigniter3/system/Database/BaseConnection.php(1505): CodeIgniter\Database\BaseConnection->listTables()
#4 /var/www/html/ayitigniter3/system/Database/MigrationRunner.php(759): CodeIgniter\Database\BaseConnection->tableExists('migrations')
#5 /var/www/html/ayitigniter3/system/Database/MigrationRunner.php(163): CodeIgniter\Database\MigrationRunner->ensureTable()
#6 /var/www/html/ayitigniter3/system/Commands/Database/Migrate.php(85): CodeIgniter\Database\MigrationRunner->latest(NULL)
#7 /var/www/html/ayitigniter3/system/CLI/Commands.php(70): CodeIgniter\Commands\Database\Migrate->run(Array)
#8 /var/www/html/ayitigniter3/system/CLI/Console.php(48): CodeIgniter\CLI\Commands->run('migrate', Array)
#9 /var/www/html/ayitigniter3/system/Boot.php(351): CodeIgniter\CLI\Console->run()
#10 /var/www/html/ayitigniter3/system/Boot.php(104): CodeIgniter\Boot::runCommand(Object(CodeIgniter\CLI\Console))
#11 /var/www/html/ayitigniter3/spark(84): CodeIgniter\Boot::bootSpark(Object(Config\Paths))
#12 {main}
ERROR - 2025-02-14 16:08:15 --> Error connecting to the database: mysqli_sql_exception: No such file or directory in /var/www/html/ayitigniter3/system/Database/MySQLi/Connection.php:186
Stack trace:
#0 /var/www/html/ayitigniter3/system/Database/MySQLi/Connection.php(186): mysqli->real_connect('localhost', 'root', Object(SensitiveParameterValue), 'ayitiproject', 3306, '', 0)
#1 /var/www/html/ayitigniter3/system/Database/BaseConnection.php(421): CodeIgniter\Database\MySQLi\Connection->connect(false)
#2 /var/www/html/ayitigniter3/system/Database/BaseConnection.php(616): CodeIgniter\Database\BaseConnection->initialize()
#3 /var/www/html/ayitigniter3/system/Database/BaseConnection.php(1485): CodeIgniter\Database\BaseConnection->query('SHOW TABLES FRO...')
#4 /var/www/html/ayitigniter3/system/Database/BaseConnection.php(1505): CodeIgniter\Database\BaseConnection->listTables()
#5 /var/www/html/ayitigniter3/system/Database/MigrationRunner.php(759): CodeIgniter\Database\BaseConnection->tableExists('migrations')
#6 /var/www/html/ayitigniter3/system/Database/MigrationRunner.php(163): CodeIgniter\Database\MigrationRunner->ensureTable()
#7 /var/www/html/ayitigniter3/system/Commands/Database/Migrate.php(85): CodeIgniter\Database\MigrationRunner->latest(NULL)
#8 /var/www/html/ayitigniter3/system/CLI/Commands.php(70): CodeIgniter\Commands\Database\Migrate->run(Array)
#9 /var/www/html/ayitigniter3/system/CLI/Console.php(48): CodeIgniter\CLI\Commands->run('migrate', Array)
#10 /var/www/html/ayitigniter3/system/Boot.php(351): CodeIgniter\CLI\Console->run()
#11 /var/www/html/ayitigniter3/system/Boot.php(104): CodeIgniter\Boot::runCommand(Object(CodeIgniter\CLI\Console))
#12 /var/www/html/ayitigniter3/spark(84): CodeIgniter\Boot::bootSpark(Object(Config\Paths))
#13 {main}

Next CodeIgniter\Database\Exceptions\DatabaseException: No such file or directory in /var/www/html/ayitigniter3/system/Database/MySQLi/Connection.php:231
Stack trace:
#0 /var/www/html/ayitigniter3/system/Database/BaseConnection.php(421): CodeIgniter\Database\MySQLi\Connection->connect(false)
#1 /var/www/html/ayitigniter3/system/Database/BaseConnection.php(616): CodeIgniter\Database\BaseConnection->initialize()
#2 /var/www/html/ayitigniter3/system/Database/BaseConnection.php(1485): CodeIgniter\Database\BaseConnection->query('SHOW TABLES FRO...')
#3 /var/www/html/ayitigniter3/system/Database/BaseConnection.php(1505): CodeIgniter\Database\BaseConnection->listTables()
#4 /var/www/html/ayitigniter3/system/Database/MigrationRunner.php(759): CodeIgniter\Database\BaseConnection->tableExists('migrations')
#5 /var/www/html/ayitigniter3/system/Database/MigrationRunner.php(163): CodeIgniter\Database\MigrationRunner->ensureTable()
#6 /var/www/html/ayitigniter3/system/Commands/Database/Migrate.php(85): CodeIgniter\Database\MigrationRunner->latest(NULL)
#7 /var/www/html/ayitigniter3/system/CLI/Commands.php(70): CodeIgniter\Commands\Database\Migrate->run(Array)
#8 /var/www/html/ayitigniter3/system/CLI/Console.php(48): CodeIgniter\CLI\Commands->run('migrate', Array)
#9 /var/www/html/ayitigniter3/system/Boot.php(351): CodeIgniter\CLI\Console->run()
#10 /var/www/html/ayitigniter3/system/Boot.php(104): CodeIgniter\Boot::runCommand(Object(CodeIgniter\CLI\Console))
#11 /var/www/html/ayitigniter3/spark(84): CodeIgniter\Boot::bootSpark(Object(Config\Paths))
#12 {main}
ERROR - 2025-02-14 16:11:57 --> Error connecting to the database: mysqli_sql_exception: No such file or directory in /var/www/html/ayitigniter3/system/Database/MySQLi/Connection.php:186
Stack trace:
#0 /var/www/html/ayitigniter3/system/Database/MySQLi/Connection.php(186): mysqli->real_connect('localhost', 'root', Object(SensitiveParameterValue), 'ayitiproject', 3306, '', 0)
#1 /var/www/html/ayitigniter3/system/Database/BaseConnection.php(421): CodeIgniter\Database\MySQLi\Connection->connect(false)
#2 /var/www/html/ayitigniter3/system/Database/BaseConnection.php(616): CodeIgniter\Database\BaseConnection->initialize()
#3 /var/www/html/ayitigniter3/system/Database/BaseConnection.php(1485): CodeIgniter\Database\BaseConnection->query('SHOW TABLES FRO...')
#4 /var/www/html/ayitigniter3/system/Commands/Database/ShowTableInfo.php(120): CodeIgniter\Database\BaseConnection->listTables()
#5 /var/www/html/ayitigniter3/system/CLI/Commands.php(70): CodeIgniter\Commands\Database\ShowTableInfo->run(Array)
#6 /var/www/html/ayitigniter3/system/CLI/Console.php(48): CodeIgniter\CLI\Commands->run('db:table', Array)
#7 /var/www/html/ayitigniter3/system/Boot.php(351): CodeIgniter\CLI\Console->run()
#8 /var/www/html/ayitigniter3/system/Boot.php(104): CodeIgniter\Boot::runCommand(Object(CodeIgniter\CLI\Console))
#9 /var/www/html/ayitigniter3/spark(84): CodeIgniter\Boot::bootSpark(Object(Config\Paths))
#10 {main}

Next CodeIgniter\Database\Exceptions\DatabaseException: No such file or directory in /var/www/html/ayitigniter3/system/Database/MySQLi/Connection.php:231
Stack trace:
#0 /var/www/html/ayitigniter3/system/Database/BaseConnection.php(421): CodeIgniter\Database\MySQLi\Connection->connect(false)
#1 /var/www/html/ayitigniter3/system/Database/BaseConnection.php(616): CodeIgniter\Database\BaseConnection->initialize()
#2 /var/www/html/ayitigniter3/system/Database/BaseConnection.php(1485): CodeIgniter\Database\BaseConnection->query('SHOW TABLES FRO...')
#3 /var/www/html/ayitigniter3/system/Commands/Database/ShowTableInfo.php(120): CodeIgniter\Database\BaseConnection->listTables()
#4 /var/www/html/ayitigniter3/system/CLI/Commands.php(70): CodeIgniter\Commands\Database\ShowTableInfo->run(Array)
#5 /var/www/html/ayitigniter3/system/CLI/Console.php(48): CodeIgniter\CLI\Commands->run('db:table', Array)
#6 /var/www/html/ayitigniter3/system/Boot.php(351): CodeIgniter\CLI\Console->run()
#7 /var/www/html/ayitigniter3/system/Boot.php(104): CodeIgniter\Boot::runCommand(Object(CodeIgniter\CLI\Console))
#8 /var/www/html/ayitigniter3/spark(84): CodeIgniter\Boot::bootSpark(Object(Config\Paths))
#9 {main}
CRITICAL - 2025-02-14 16:11:57 --> CodeIgniter\Database\Exceptions\DatabaseException: Unable to connect to the database.
Main connection [MySQLi]: No such file or directory
[Method: CLI, Route: db:table]
in SYSTEMPATH/Database/BaseConnection.php on line 467.
 1 SYSTEMPATH/Database/BaseConnection.php(616): CodeIgniter\Database\BaseConnection->initialize()
 2 SYSTEMPATH/Database/BaseConnection.php(1485): CodeIgniter\Database\BaseConnection->query('SHOW TABLES FROM `ayitiproject`')
 3 SYSTEMPATH/Commands/Database/ShowTableInfo.php(120): CodeIgniter\Database\BaseConnection->listTables()
 4 SYSTEMPATH/CLI/Commands.php(70): CodeIgniter\Commands\Database\ShowTableInfo->run([])
 5 SYSTEMPATH/CLI/Console.php(48): CodeIgniter\CLI\Commands->run('db:table', [])
 6 SYSTEMPATH/Boot.php(351): CodeIgniter\CLI\Console->run()
 7 SYSTEMPATH/Boot.php(104): CodeIgniter\Boot::runCommand(Object(CodeIgniter\CLI\Console))
 8 ROOTPATH/spark(84): CodeIgniter\Boot::bootSpark(Object(Config\Paths))
ERROR - 2025-02-14 16:12:49 --> Error connecting to the database: mysqli_sql_exception: No such file or directory in /var/www/html/ayitigniter3/system/Database/MySQLi/Connection.php:186
Stack trace:
#0 /var/www/html/ayitigniter3/system/Database/MySQLi/Connection.php(186): mysqli->real_connect('localhost', 'root', Object(SensitiveParameterValue), 'ayitiproject', 3306, '', 0)
#1 /var/www/html/ayitigniter3/system/Database/BaseConnection.php(421): CodeIgniter\Database\MySQLi\Connection->connect(false)
#2 /var/www/html/ayitigniter3/system/Database/BaseConnection.php(616): CodeIgniter\Database\BaseConnection->initialize()
#3 /var/www/html/ayitigniter3/system/Database/BaseConnection.php(1485): CodeIgniter\Database\BaseConnection->query('SHOW TABLES FRO...')
#4 /var/www/html/ayitigniter3/system/Database/BaseConnection.php(1505): CodeIgniter\Database\BaseConnection->listTables()
#5 /var/www/html/ayitigniter3/system/Database/MigrationRunner.php(759): CodeIgniter\Database\BaseConnection->tableExists('migrations')
#6 /var/www/html/ayitigniter3/system/Database/MigrationRunner.php(163): CodeIgniter\Database\MigrationRunner->ensureTable()
#7 /var/www/html/ayitigniter3/system/Commands/Database/Migrate.php(85): CodeIgniter\Database\MigrationRunner->latest(NULL)
#8 /var/www/html/ayitigniter3/system/CLI/Commands.php(70): CodeIgniter\Commands\Database\Migrate->run(Array)
#9 /var/www/html/ayitigniter3/system/CLI/Console.php(48): CodeIgniter\CLI\Commands->run('migrate', Array)
#10 /var/www/html/ayitigniter3/system/Boot.php(351): CodeIgniter\CLI\Console->run()
#11 /var/www/html/ayitigniter3/system/Boot.php(104): CodeIgniter\Boot::runCommand(Object(CodeIgniter\CLI\Console))
#12 /var/www/html/ayitigniter3/spark(84): CodeIgniter\Boot::bootSpark(Object(Config\Paths))
#13 {main}

Next CodeIgniter\Database\Exceptions\DatabaseException: No such file or directory in /var/www/html/ayitigniter3/system/Database/MySQLi/Connection.php:231
Stack trace:
#0 /var/www/html/ayitigniter3/system/Database/BaseConnection.php(421): CodeIgniter\Database\MySQLi\Connection->connect(false)
#1 /var/www/html/ayitigniter3/system/Database/BaseConnection.php(616): CodeIgniter\Database\BaseConnection->initialize()
#2 /var/www/html/ayitigniter3/system/Database/BaseConnection.php(1485): CodeIgniter\Database\BaseConnection->query('SHOW TABLES FRO...')
#3 /var/www/html/ayitigniter3/system/Database/BaseConnection.php(1505): CodeIgniter\Database\BaseConnection->listTables()
#4 /var/www/html/ayitigniter3/system/Database/MigrationRunner.php(759): CodeIgniter\Database\BaseConnection->tableExists('migrations')
#5 /var/www/html/ayitigniter3/system/Database/MigrationRunner.php(163): CodeIgniter\Database\MigrationRunner->ensureTable()
#6 /var/www/html/ayitigniter3/system/Commands/Database/Migrate.php(85): CodeIgniter\Database\MigrationRunner->latest(NULL)
#7 /var/www/html/ayitigniter3/system/CLI/Commands.php(70): CodeIgniter\Commands\Database\Migrate->run(Array)
#8 /var/www/html/ayitigniter3/system/CLI/Console.php(48): CodeIgniter\CLI\Commands->run('migrate', Array)
#9 /var/www/html/ayitigniter3/system/Boot.php(351): CodeIgniter\CLI\Console->run()
#10 /var/www/html/ayitigniter3/system/Boot.php(104): CodeIgniter\Boot::runCommand(Object(CodeIgniter\CLI\Console))
#11 /var/www/html/ayitigniter3/spark(84): CodeIgniter\Boot::bootSpark(Object(Config\Paths))
#12 {main}
CRITICAL - 2025-02-14 16:19:09 --> ErrorException: Declaration of CodeIgniter\I18n\TimeTrait::createFromTimestamp(int $timestamp, $timezone = null, ?string $locale = null) must be compatible with DateTimeImmutable::createFromTimestamp(int|float $timestamp): CodeIgniter\Autoloader\Autoloader
[Method: CLI, Route: migrate]
in SYSTEMPATH/I18n/TimeTrait.php on line 268.
 1 [internal function]: CodeIgniter\Debug\Exceptions->shutdownHandler()
ERROR - 2025-02-14 16:19:29 --> Error connecting to the database: mysqli_sql_exception: No such file or directory in /var/www/html/ayitigniter3/system/Database/MySQLi/Connection.php:186
Stack trace:
#0 /var/www/html/ayitigniter3/system/Database/MySQLi/Connection.php(186): mysqli->real_connect('localhost', 'root', Object(SensitiveParameterValue), 'ayitiproject', 3306, '', 0)
#1 /var/www/html/ayitigniter3/system/Database/BaseConnection.php(421): CodeIgniter\Database\MySQLi\Connection->connect(false)
#2 /var/www/html/ayitigniter3/system/Database/BaseConnection.php(616): CodeIgniter\Database\BaseConnection->initialize()
#3 /var/www/html/ayitigniter3/system/Database/BaseConnection.php(1485): CodeIgniter\Database\BaseConnection->query('SHOW TABLES FRO...')
#4 /var/www/html/ayitigniter3/system/Database/BaseConnection.php(1505): CodeIgniter\Database\BaseConnection->listTables()
#5 /var/www/html/ayitigniter3/system/Database/MigrationRunner.php(759): CodeIgniter\Database\BaseConnection->tableExists('migrations')
#6 /var/www/html/ayitigniter3/system/Database/MigrationRunner.php(163): CodeIgniter\Database\MigrationRunner->ensureTable()
#7 /var/www/html/ayitigniter3/system/Commands/Database/Migrate.php(85): CodeIgniter\Database\MigrationRunner->latest(NULL)
#8 /var/www/html/ayitigniter3/system/CLI/Commands.php(70): CodeIgniter\Commands\Database\Migrate->run(Array)
#9 /var/www/html/ayitigniter3/system/CLI/Console.php(48): CodeIgniter\CLI\Commands->run('migrate', Array)
#10 /var/www/html/ayitigniter3/system/Boot.php(351): CodeIgniter\CLI\Console->run()
#11 /var/www/html/ayitigniter3/system/Boot.php(104): CodeIgniter\Boot::runCommand(Object(CodeIgniter\CLI\Console))
#12 /var/www/html/ayitigniter3/spark(84): CodeIgniter\Boot::bootSpark(Object(Config\Paths))
#13 {main}

Next CodeIgniter\Database\Exceptions\DatabaseException: No such file or directory in /var/www/html/ayitigniter3/system/Database/MySQLi/Connection.php:231
Stack trace:
#0 /var/www/html/ayitigniter3/system/Database/BaseConnection.php(421): CodeIgniter\Database\MySQLi\Connection->connect(false)
#1 /var/www/html/ayitigniter3/system/Database/BaseConnection.php(616): CodeIgniter\Database\BaseConnection->initialize()
#2 /var/www/html/ayitigniter3/system/Database/BaseConnection.php(1485): CodeIgniter\Database\BaseConnection->query('SHOW TABLES FRO...')
#3 /var/www/html/ayitigniter3/system/Database/BaseConnection.php(1505): CodeIgniter\Database\BaseConnection->listTables()
#4 /var/www/html/ayitigniter3/system/Database/MigrationRunner.php(759): CodeIgniter\Database\BaseConnection->tableExists('migrations')
#5 /var/www/html/ayitigniter3/system/Database/MigrationRunner.php(163): CodeIgniter\Database\MigrationRunner->ensureTable()
#6 /var/www/html/ayitigniter3/system/Commands/Database/Migrate.php(85): CodeIgniter\Database\MigrationRunner->latest(NULL)
#7 /var/www/html/ayitigniter3/system/CLI/Commands.php(70): CodeIgniter\Commands\Database\Migrate->run(Array)
#8 /var/www/html/ayitigniter3/system/CLI/Console.php(48): CodeIgniter\CLI\Commands->run('migrate', Array)
#9 /var/www/html/ayitigniter3/system/Boot.php(351): CodeIgniter\CLI\Console->run()
#10 /var/www/html/ayitigniter3/system/Boot.php(104): CodeIgniter\Boot::runCommand(Object(CodeIgniter\CLI\Console))
#11 /var/www/html/ayitigniter3/spark(84): CodeIgniter\Boot::bootSpark(Object(Config\Paths))
#12 {main}
ERROR - 2025-02-14 16:21:10 --> Error connecting to the database: mysqli_sql_exception: No such file or directory in /var/www/html/ayitigniter3/system/Database/MySQLi/Connection.php:186
Stack trace:
#0 /var/www/html/ayitigniter3/system/Database/MySQLi/Connection.php(186): mysqli->real_connect('localhost', 'root', Object(SensitiveParameterValue), 'ayitiproject', 3306, '', 0)
#1 /var/www/html/ayitigniter3/system/Database/BaseConnection.php(421): CodeIgniter\Database\MySQLi\Connection->connect(false)
#2 /var/www/html/ayitigniter3/system/Database/BaseConnection.php(616): CodeIgniter\Database\BaseConnection->initialize()
#3 /var/www/html/ayitigniter3/system/Database/BaseConnection.php(1485): CodeIgniter\Database\BaseConnection->query('SHOW TABLES FRO...')
#4 /var/www/html/ayitigniter3/system/Database/BaseConnection.php(1505): CodeIgniter\Database\BaseConnection->listTables()
#5 /var/www/html/ayitigniter3/system/Database/MigrationRunner.php(759): CodeIgniter\Database\BaseConnection->tableExists('migrations')
#6 /var/www/html/ayitigniter3/system/Database/MigrationRunner.php(163): CodeIgniter\Database\MigrationRunner->ensureTable()
#7 /var/www/html/ayitigniter3/system/Commands/Database/Migrate.php(85): CodeIgniter\Database\MigrationRunner->latest(NULL)
#8 /var/www/html/ayitigniter3/system/CLI/Commands.php(70): CodeIgniter\Commands\Database\Migrate->run(Array)
#9 /var/www/html/ayitigniter3/system/CLI/Console.php(48): CodeIgniter\CLI\Commands->run('migrate', Array)
#10 /var/www/html/ayitigniter3/system/Boot.php(351): CodeIgniter\CLI\Console->run()
#11 /var/www/html/ayitigniter3/system/Boot.php(104): CodeIgniter\Boot::runCommand(Object(CodeIgniter\CLI\Console))
#12 /var/www/html/ayitigniter3/spark(84): CodeIgniter\Boot::bootSpark(Object(Config\Paths))
#13 {main}

Next CodeIgniter\Database\Exceptions\DatabaseException: No such file or directory in /var/www/html/ayitigniter3/system/Database/MySQLi/Connection.php:231
Stack trace:
#0 /var/www/html/ayitigniter3/system/Database/BaseConnection.php(421): CodeIgniter\Database\MySQLi\Connection->connect(false)
#1 /var/www/html/ayitigniter3/system/Database/BaseConnection.php(616): CodeIgniter\Database\BaseConnection->initialize()
#2 /var/www/html/ayitigniter3/system/Database/BaseConnection.php(1485): CodeIgniter\Database\BaseConnection->query('SHOW TABLES FRO...')
#3 /var/www/html/ayitigniter3/system/Database/BaseConnection.php(1505): CodeIgniter\Database\BaseConnection->listTables()
#4 /var/www/html/ayitigniter3/system/Database/MigrationRunner.php(759): CodeIgniter\Database\BaseConnection->tableExists('migrations')
#5 /var/www/html/ayitigniter3/system/Database/MigrationRunner.php(163): CodeIgniter\Database\MigrationRunner->ensureTable()
#6 /var/www/html/ayitigniter3/system/Commands/Database/Migrate.php(85): CodeIgniter\Database\MigrationRunner->latest(NULL)
#7 /var/www/html/ayitigniter3/system/CLI/Commands.php(70): CodeIgniter\Commands\Database\Migrate->run(Array)
#8 /var/www/html/ayitigniter3/system/CLI/Console.php(48): CodeIgniter\CLI\Commands->run('migrate', Array)
#9 /var/www/html/ayitigniter3/system/Boot.php(351): CodeIgniter\CLI\Console->run()
#10 /var/www/html/ayitigniter3/system/Boot.php(104): CodeIgniter\Boot::runCommand(Object(CodeIgniter\CLI\Console))
#11 /var/www/html/ayitigniter3/spark(84): CodeIgniter\Boot::bootSpark(Object(Config\Paths))
#12 {main}
CRITICAL - 2025-02-14 16:21:28 --> ErrorException: Declaration of CodeIgniter\I18n\TimeTrait::createFromTimestamp(int $timestamp, $timezone = null, ?string $locale = null) must be compatible with DateTimeImmutable::createFromTimestamp(int|float $timestamp): CodeIgniter\Autoloader\Autoloader
[Method: CLI, Route: migrate]
in SYSTEMPATH/I18n/TimeTrait.php on line 268.
 1 [internal function]: CodeIgniter\Debug\Exceptions->shutdownHandler()
ERROR - 2025-02-14 16:25:09 --> Error connecting to the database: mysqli_sql_exception: No such file or directory in /var/www/html/ayitigniter3/system/Database/MySQLi/Connection.php:186
Stack trace:
#0 /var/www/html/ayitigniter3/system/Database/MySQLi/Connection.php(186): mysqli->real_connect('localhost', 'root', Object(SensitiveParameterValue), 'ayitiproject', 3306, '', 0)
#1 /var/www/html/ayitigniter3/system/Database/BaseConnection.php(421): CodeIgniter\Database\MySQLi\Connection->connect(false)
#2 /var/www/html/ayitigniter3/system/Database/BaseConnection.php(616): CodeIgniter\Database\BaseConnection->initialize()
#3 /var/www/html/ayitigniter3/system/Database/BaseConnection.php(1485): CodeIgniter\Database\BaseConnection->query('SHOW TABLES FRO...')
#4 /var/www/html/ayitigniter3/system/Database/BaseConnection.php(1505): CodeIgniter\Database\BaseConnection->listTables()
#5 /var/www/html/ayitigniter3/system/Database/MigrationRunner.php(759): CodeIgniter\Database\BaseConnection->tableExists('migrations')
#6 /var/www/html/ayitigniter3/system/Database/MigrationRunner.php(163): CodeIgniter\Database\MigrationRunner->ensureTable()
#7 /var/www/html/ayitigniter3/system/Commands/Database/Migrate.php(85): CodeIgniter\Database\MigrationRunner->latest(NULL)
#8 /var/www/html/ayitigniter3/system/CLI/Commands.php(70): CodeIgniter\Commands\Database\Migrate->run(Array)
#9 /var/www/html/ayitigniter3/system/CLI/Console.php(48): CodeIgniter\CLI\Commands->run('migrate', Array)
#10 /var/www/html/ayitigniter3/system/Boot.php(351): CodeIgniter\CLI\Console->run()
#11 /var/www/html/ayitigniter3/system/Boot.php(104): CodeIgniter\Boot::runCommand(Object(CodeIgniter\CLI\Console))
#12 /var/www/html/ayitigniter3/spark(84): CodeIgniter\Boot::bootSpark(Object(Config\Paths))
#13 {main}

Next CodeIgniter\Database\Exceptions\DatabaseException: No such file or directory in /var/www/html/ayitigniter3/system/Database/MySQLi/Connection.php:231
Stack trace:
#0 /var/www/html/ayitigniter3/system/Database/BaseConnection.php(421): CodeIgniter\Database\MySQLi\Connection->connect(false)
#1 /var/www/html/ayitigniter3/system/Database/BaseConnection.php(616): CodeIgniter\Database\BaseConnection->initialize()
#2 /var/www/html/ayitigniter3/system/Database/BaseConnection.php(1485): CodeIgniter\Database\BaseConnection->query('SHOW TABLES FRO...')
#3 /var/www/html/ayitigniter3/system/Database/BaseConnection.php(1505): CodeIgniter\Database\BaseConnection->listTables()
#4 /var/www/html/ayitigniter3/system/Database/MigrationRunner.php(759): CodeIgniter\Database\BaseConnection->tableExists('migrations')
#5 /var/www/html/ayitigniter3/system/Database/MigrationRunner.php(163): CodeIgniter\Database\MigrationRunner->ensureTable()
#6 /var/www/html/ayitigniter3/system/Commands/Database/Migrate.php(85): CodeIgniter\Database\MigrationRunner->latest(NULL)
#7 /var/www/html/ayitigniter3/system/CLI/Commands.php(70): CodeIgniter\Commands\Database\Migrate->run(Array)
#8 /var/www/html/ayitigniter3/system/CLI/Console.php(48): CodeIgniter\CLI\Commands->run('migrate', Array)
#9 /var/www/html/ayitigniter3/system/Boot.php(351): CodeIgniter\CLI\Console->run()
#10 /var/www/html/ayitigniter3/system/Boot.php(104): CodeIgniter\Boot::runCommand(Object(CodeIgniter\CLI\Console))
#11 /var/www/html/ayitigniter3/spark(84): CodeIgniter\Boot::bootSpark(Object(Config\Paths))
#12 {main}
ERROR - 2025-02-14 16:31:16 --> Error connecting to the database: mysqli_sql_exception: No such file or directory in /var/www/html/ayitigniter3/system/Database/MySQLi/Connection.php:186
Stack trace:
#0 /var/www/html/ayitigniter3/system/Database/MySQLi/Connection.php(186): mysqli->real_connect('localhost', 'root', Object(SensitiveParameterValue), 'ayitiproject', 3306, '', 0)
#1 /var/www/html/ayitigniter3/system/Database/BaseConnection.php(421): CodeIgniter\Database\MySQLi\Connection->connect(false)
#2 /var/www/html/ayitigniter3/system/Database/BaseConnection.php(616): CodeIgniter\Database\BaseConnection->initialize()
#3 /var/www/html/ayitigniter3/system/Database/BaseConnection.php(1485): CodeIgniter\Database\BaseConnection->query('SHOW TABLES FRO...')
#4 /var/www/html/ayitigniter3/system/Database/BaseConnection.php(1505): CodeIgniter\Database\BaseConnection->listTables()
#5 /var/www/html/ayitigniter3/system/Database/MigrationRunner.php(759): CodeIgniter\Database\BaseConnection->tableExists('migrations')
#6 /var/www/html/ayitigniter3/system/Database/MigrationRunner.php(163): CodeIgniter\Database\MigrationRunner->ensureTable()
#7 /var/www/html/ayitigniter3/system/Commands/Database/Migrate.php(85): CodeIgniter\Database\MigrationRunner->latest(NULL)
#8 /var/www/html/ayitigniter3/system/CLI/Commands.php(70): CodeIgniter\Commands\Database\Migrate->run(Array)
#9 /var/www/html/ayitigniter3/system/CLI/Console.php(48): CodeIgniter\CLI\Commands->run('migrate', Array)
#10 /var/www/html/ayitigniter3/system/Boot.php(351): CodeIgniter\CLI\Console->run()
#11 /var/www/html/ayitigniter3/system/Boot.php(104): CodeIgniter\Boot::runCommand(Object(CodeIgniter\CLI\Console))
#12 /var/www/html/ayitigniter3/spark(84): CodeIgniter\Boot::bootSpark(Object(Config\Paths))
#13 {main}

Next CodeIgniter\Database\Exceptions\DatabaseException: No such file or directory in /var/www/html/ayitigniter3/system/Database/MySQLi/Connection.php:231
Stack trace:
#0 /var/www/html/ayitigniter3/system/Database/BaseConnection.php(421): CodeIgniter\Database\MySQLi\Connection->connect(false)
#1 /var/www/html/ayitigniter3/system/Database/BaseConnection.php(616): CodeIgniter\Database\BaseConnection->initialize()
#2 /var/www/html/ayitigniter3/system/Database/BaseConnection.php(1485): CodeIgniter\Database\BaseConnection->query('SHOW TABLES FRO...')
#3 /var/www/html/ayitigniter3/system/Database/BaseConnection.php(1505): CodeIgniter\Database\BaseConnection->listTables()
#4 /var/www/html/ayitigniter3/system/Database/MigrationRunner.php(759): CodeIgniter\Database\BaseConnection->tableExists('migrations')
#5 /var/www/html/ayitigniter3/system/Database/MigrationRunner.php(163): CodeIgniter\Database\MigrationRunner->ensureTable()
#6 /var/www/html/ayitigniter3/system/Commands/Database/Migrate.php(85): CodeIgniter\Database\MigrationRunner->latest(NULL)
#7 /var/www/html/ayitigniter3/system/CLI/Commands.php(70): CodeIgniter\Commands\Database\Migrate->run(Array)
#8 /var/www/html/ayitigniter3/system/CLI/Console.php(48): CodeIgniter\CLI\Commands->run('migrate', Array)
#9 /var/www/html/ayitigniter3/system/Boot.php(351): CodeIgniter\CLI\Console->run()
#10 /var/www/html/ayitigniter3/system/Boot.php(104): CodeIgniter\Boot::runCommand(Object(CodeIgniter\CLI\Console))
#11 /var/www/html/ayitigniter3/spark(84): CodeIgniter\Boot::bootSpark(Object(Config\Paths))
#12 {main}
CRITICAL - 2025-02-14 16:34:34 --> ErrorException: Declaration of CodeIgniter\I18n\TimeTrait::createFromTimestamp(int $timestamp, $timezone = null, ?string $locale = null) must be compatible with DateTimeImmutable::createFromTimestamp(int|float $timestamp): CodeIgniter\Autoloader\Autoloader
[Method: CLI, Route: migrate]
in SYSTEMPATH/I18n/TimeTrait.php on line 268.
 1 [internal function]: CodeIgniter\Debug\Exceptions->shutdownHandler()
ERROR - 2025-02-14 16:36:22 --> mysqli_sql_exception: Too-big precision 100 specified for 'registered_date'. Maximum is 6. in /var/www/html/ayitigniter3/system/Database/MySQLi/Connection.php:312
Stack trace:
#0 /var/www/html/ayitigniter3/system/Database/MySQLi/Connection.php(312): mysqli->query('CREATE TABLE `r...', 0)
#1 /var/www/html/ayitigniter3/system/Database/BaseConnection.php(734): CodeIgniter\Database\MySQLi\Connection->execute('CREATE TABLE `r...')
#2 /var/www/html/ayitigniter3/system/Database/BaseConnection.php(648): CodeIgniter\Database\BaseConnection->simpleQuery('CREATE TABLE `r...')
#3 /var/www/html/ayitigniter3/system/Database/Forge.php(570): CodeIgniter\Database\BaseConnection->query('CREATE TABLE `r...')
#4 /var/www/html/ayitigniter3/app/Database/Migrations/2025-02-14-092802_RegisteredStudentsTable.php(81): CodeIgniter\Database\Forge->createTable('registered_stud...')
#5 /var/www/html/ayitigniter3/system/Database/MigrationRunner.php(867): App\Database\Migrations\RegisteredStudentsTable->up()
#6 /var/www/html/ayitigniter3/system/Database/MigrationRunner.php(183): CodeIgniter\Database\MigrationRunner->migrate('up', Object(stdClass))
#7 /var/www/html/ayitigniter3/system/Commands/Database/Migrate.php(85): CodeIgniter\Database\MigrationRunner->latest(NULL)
#8 /var/www/html/ayitigniter3/system/CLI/Commands.php(70): CodeIgniter\Commands\Database\Migrate->run(Array)
#9 /var/www/html/ayitigniter3/system/CLI/Console.php(48): CodeIgniter\CLI\Commands->run('migrate', Array)
#10 /var/www/html/ayitigniter3/system/Boot.php(351): CodeIgniter\CLI\Console->run()
#11 /var/www/html/ayitigniter3/system/Boot.php(104): CodeIgniter\Boot::runCommand(Object(CodeIgniter\CLI\Console))
#12 /var/www/html/ayitigniter3/spark(84): CodeIgniter\Boot::bootSpark(Object(Config\Paths))
#13 {main}
CRITICAL - 2025-02-14 16:37:43 --> ErrorException: Declaration of CodeIgniter\I18n\TimeTrait::createFromTimestamp(int $timestamp, $timezone = null, ?string $locale = null) must be compatible with DateTimeImmutable::createFromTimestamp(int|float $timestamp): CodeIgniter\Autoloader\Autoloader
[Method: CLI, Route: migrate]
in SYSTEMPATH/I18n/TimeTrait.php on line 268.
 1 [internal function]: CodeIgniter\Debug\Exceptions->shutdownHandler()
ERROR - 2025-02-14 16:43:25 --> mysqli_sql_exception: Table 'registered_students' already exists in /var/www/html/ayitigniter3/system/Database/MySQLi/Connection.php:312
Stack trace:
#0 /var/www/html/ayitigniter3/system/Database/MySQLi/Connection.php(312): mysqli->query('CREATE TABLE `r...', 0)
#1 /var/www/html/ayitigniter3/system/Database/BaseConnection.php(734): CodeIgniter\Database\MySQLi\Connection->execute('CREATE TABLE `r...')
#2 /var/www/html/ayitigniter3/system/Database/BaseConnection.php(648): CodeIgniter\Database\BaseConnection->simpleQuery('CREATE TABLE `r...')
#3 /var/www/html/ayitigniter3/system/Database/Forge.php(570): CodeIgniter\Database\BaseConnection->query('CREATE TABLE `r...')
#4 /var/www/html/ayitigniter3/app/Database/Migrations/2025-02-14-092802_RegisteredStudentsTable.php(80): CodeIgniter\Database\Forge->createTable('registered_stud...')
#5 /var/www/html/ayitigniter3/system/Database/MigrationRunner.php(867): App\Database\Migrations\RegisteredStudentsTable->up()
#6 /var/www/html/ayitigniter3/system/Database/MigrationRunner.php(183): CodeIgniter\Database\MigrationRunner->migrate('up', Object(stdClass))
#7 /var/www/html/ayitigniter3/system/Commands/Database/Migrate.php(85): CodeIgniter\Database\MigrationRunner->latest(NULL)
#8 /var/www/html/ayitigniter3/system/CLI/Commands.php(70): CodeIgniter\Commands\Database\Migrate->run(Array)
#9 /var/www/html/ayitigniter3/system/CLI/Console.php(48): CodeIgniter\CLI\Commands->run('migrate', Array)
#10 /var/www/html/ayitigniter3/system/Boot.php(351): CodeIgniter\CLI\Console->run()
#11 /var/www/html/ayitigniter3/system/Boot.php(104): CodeIgniter\Boot::runCommand(Object(CodeIgniter\CLI\Console))
#12 /var/www/html/ayitigniter3/spark(84): CodeIgniter\Boot::bootSpark(Object(Config\Paths))
#13 {main}
CRITICAL - 2025-02-14 16:44:20 --> ErrorException: Declaration of CodeIgniter\I18n\TimeTrait::createFromTimestamp(int $timestamp, $timezone = null, ?string $locale = null) must be compatible with DateTimeImmutable::createFromTimestamp(int|float $timestamp): CodeIgniter\Autoloader\Autoloader
[Method: CLI, Route: migrate]
in SYSTEMPATH/I18n/TimeTrait.php on line 269.
 1 [internal function]: CodeIgniter\Debug\Exceptions->shutdownHandler()
WARNING - 2025-02-14 16:47:01 --> [DEPRECATED] Return type of CodeIgniter\I18n\TimeTrait::createFromTimestamp(int|float $timestamp, $timezone = null, ?string $locale = null) should either be compatible with DateTimeImmutable::createFromTimestamp(int|float $timestamp): CodeIgniter\Autoloader\Autoloader, or the #[\ReturnTypeWillChange] attribute should be used to temporarily suppress the notice in SYSTEMPATH/I18n/TimeTrait.php on line 270.
 1 SYSTEMPATH/Autoloader/Autoloader.php(317): include_once('/var/www/html/ayitigniter3/system/I18n/Time.php')
 2 SYSTEMPATH/Autoloader/Autoloader.php(296): CodeIgniter\Autoloader\Autoloader->includeFile('/var/www/html/ayitigniter3/system/I18n/Time.php')
 3 SYSTEMPATH/Autoloader/Autoloader.php(272): CodeIgniter\Autoloader\Autoloader->loadInNamespace('CodeIgniter\\I18n\\Time')
 4 SYSTEMPATH/Database/MigrationRunner.php(599): CodeIgniter\Autoloader\Autoloader->loadClass('CodeIgniter\\I18n\\Time')
 5 SYSTEMPATH/Database/MigrationRunner.php(190): CodeIgniter\Database\MigrationRunner->addHistory(Object(stdClass), 1)
 6 SYSTEMPATH/Commands/Database/Migrate.php(85): CodeIgniter\Database\MigrationRunner->latest(null)
 7 SYSTEMPATH/CLI/Commands.php(70): CodeIgniter\Commands\Database\Migrate->run([])
 8 SYSTEMPATH/CLI/Console.php(48): CodeIgniter\CLI\Commands->run('migrate', [])
 9 SYSTEMPATH/Boot.php(351): CodeIgniter\CLI\Console->run()
10 SYSTEMPATH/Boot.php(104): CodeIgniter\Boot::runCommand(Object(CodeIgniter\CLI\Console))
11 ROOTPATH/spark(84): CodeIgniter\Boot::bootSpark(Object(Config\Paths))
WARNING - 2025-02-14 16:52:27 --> [DEPRECATED] Return type of CodeIgniter\I18n\TimeTrait::createFromTimestamp(int|float $timestamp, $timezone = null, ?string $locale = null) should either be compatible with DateTimeImmutable::createFromTimestamp(int|float $timestamp): CodeIgniter\Autoloader\Autoloader, or the #[\ReturnTypeWillChange] attribute should be used to temporarily suppress the notice in SYSTEMPATH/I18n/TimeTrait.php on line 270.
 1 SYSTEMPATH/Autoloader/Autoloader.php(317): include_once('/var/www/html/ayitigniter3/system/I18n/Time.php')
 2 SYSTEMPATH/Autoloader/Autoloader.php(296): CodeIgniter\Autoloader\Autoloader->includeFile('/var/www/html/ayitigniter3/system/I18n/Time.php')
 3 SYSTEMPATH/Autoloader/Autoloader.php(272): CodeIgniter\Autoloader\Autoloader->loadInNamespace('CodeIgniter\\I18n\\Time')
 4 SYSTEMPATH/Database/MigrationRunner.php(599): CodeIgniter\Autoloader\Autoloader->loadClass('CodeIgniter\\I18n\\Time')
 5 SYSTEMPATH/Database/MigrationRunner.php(190): CodeIgniter\Database\MigrationRunner->addHistory(Object(stdClass), 1)
 6 SYSTEMPATH/Commands/Database/Migrate.php(85): CodeIgniter\Database\MigrationRunner->latest(null)
 7 SYSTEMPATH/CLI/Commands.php(70): CodeIgniter\Commands\Database\Migrate->run([])
 8 SYSTEMPATH/CLI/Console.php(48): CodeIgniter\CLI\Commands->run('migrate', [])
 9 SYSTEMPATH/Boot.php(351): CodeIgniter\CLI\Console->run()
10 SYSTEMPATH/Boot.php(104): CodeIgniter\Boot::runCommand(Object(CodeIgniter\CLI\Console))
11 ROOTPATH/spark(84): CodeIgniter\Boot::bootSpark(Object(Config\Paths))
WARNING - 2025-02-14 17:09:52 --> [DEPRECATED] Return type of CodeIgniter\I18n\TimeTrait::createFromTimestamp(int|float $timestamp, $timezone = null, ?string $locale = null) should either be compatible with DateTimeImmutable::createFromTimestamp(int|float $timestamp): CodeIgniter\Autoloader\Autoloader, or the #[\ReturnTypeWillChange] attribute should be used to temporarily suppress the notice in SYSTEMPATH/I18n/TimeTrait.php on line 270.
 1 SYSTEMPATH/Autoloader/Autoloader.php(317): include_once('/var/www/html/ayitigniter3/system/I18n/Time.php')
 2 SYSTEMPATH/Autoloader/Autoloader.php(296): CodeIgniter\Autoloader\Autoloader->includeFile('/var/www/html/ayitigniter3/system/I18n/Time.php')
 3 SYSTEMPATH/Autoloader/Autoloader.php(272): CodeIgniter\Autoloader\Autoloader->loadInNamespace('CodeIgniter\\I18n\\Time')
 4 SYSTEMPATH/Database/MigrationRunner.php(599): CodeIgniter\Autoloader\Autoloader->loadClass('CodeIgniter\\I18n\\Time')
 5 SYSTEMPATH/Database/MigrationRunner.php(190): CodeIgniter\Database\MigrationRunner->addHistory(Object(stdClass), 2)
 6 SYSTEMPATH/Commands/Database/Migrate.php(85): CodeIgniter\Database\MigrationRunner->latest(null)
 7 SYSTEMPATH/CLI/Commands.php(70): CodeIgniter\Commands\Database\Migrate->run([])
 8 SYSTEMPATH/CLI/Console.php(48): CodeIgniter\CLI\Commands->run('migrate', [])
 9 SYSTEMPATH/Boot.php(351): CodeIgniter\CLI\Console->run()
10 SYSTEMPATH/Boot.php(104): CodeIgniter\Boot::runCommand(Object(CodeIgniter\CLI\Console))
11 ROOTPATH/spark(84): CodeIgniter\Boot::bootSpark(Object(Config\Paths))
WARNING - 2025-02-14 18:18:12 --> [DEPRECATED] Return type of CodeIgniter\I18n\TimeTrait::createFromTimestamp(int|float $timestamp, $timezone = null, ?string $locale = null) should either be compatible with DateTimeImmutable::createFromTimestamp(int|float $timestamp): CodeIgniter\Autoloader\Autoloader, or the #[\ReturnTypeWillChange] attribute should be used to temporarily suppress the notice in SYSTEMPATH/I18n/TimeTrait.php on line 270.
 1 SYSTEMPATH/Autoloader/Autoloader.php(317): include_once('/var/www/html/ayitigniter3/system/I18n/Time.php')
 2 SYSTEMPATH/Autoloader/Autoloader.php(296): CodeIgniter\Autoloader\Autoloader->includeFile('/var/www/html/ayitigniter3/system/I18n/Time.php')
 3 SYSTEMPATH/Autoloader/Autoloader.php(272): CodeIgniter\Autoloader\Autoloader->loadInNamespace('CodeIgniter\\I18n\\Time')
 4 SYSTEMPATH/Database/MigrationRunner.php(599): CodeIgniter\Autoloader\Autoloader->loadClass('CodeIgniter\\I18n\\Time')
 5 SYSTEMPATH/Database/MigrationRunner.php(190): CodeIgniter\Database\MigrationRunner->addHistory(Object(stdClass), 3)
 6 SYSTEMPATH/Commands/Database/Migrate.php(85): CodeIgniter\Database\MigrationRunner->latest(null)
 7 SYSTEMPATH/CLI/Commands.php(70): CodeIgniter\Commands\Database\Migrate->run([])
 8 SYSTEMPATH/CLI/Console.php(48): CodeIgniter\CLI\Commands->run('migrate', [])
 9 SYSTEMPATH/Boot.php(351): CodeIgniter\CLI\Console->run()
10 SYSTEMPATH/Boot.php(104): CodeIgniter\Boot::runCommand(Object(CodeIgniter\CLI\Console))
11 ROOTPATH/spark(84): CodeIgniter\Boot::bootSpark(Object(Config\Paths))
